<?xml version="1.0" encoding="utf-8"?><testsuites><testsuite name="pytest" errors="0" failures="0" skipped="0" tests="2" time="1.589" timestamp="2021-02-21T01:56:46.844244" hostname="机械革命600"><testcase classname="test_dir.test_get_candlestick" name="test_get_candlestick[uat-api.3ona.co-ETH_CRO-5m-0.0]" time="1.010" /><testcase classname="test_dir.test_get_candlestick" name="test_get_candlestick[uat-api.3ona.co-BTC_USDT-1m-0.0]" time="0.381" /></testsuite></testsuites>